<?xml version="1.0" encoding="UTF-8"?>
<testng-results ignored="0" total="1" passed="1" failed="0" skipped="0">
  <reporter-output>
  </reporter-output>
  <suite started-at="2025-05-20T23:09:46 ICT" name="Suite" finished-at="2025-05-20T23:09:52 ICT" duration-ms="6627">
    <groups>
    </groups>
    <test started-at="2025-05-20T23:09:46 ICT" name="LoginTest" finished-at="2025-05-20T23:09:52 ICT" duration-ms="6627">
      <class name="test.LoginTest">
        <test-method is-config="true" signature="setUp()[pri:0, instance:test.LoginTest@2f9f7dcf]" started-at="2025-05-20T23:09:46 ICT" name="setUp" finished-at="2025-05-20T23:09:51 ICT" duration-ms="4937" status="PASS">
          <reporter-output>
          </reporter-output>
        </test-method> <!-- setUp -->
        <test-method signature="testValidLogin()[pri:0, instance:test.LoginTest@2f9f7dcf]" started-at="2025-05-20T23:09:51 ICT" name="testValidLogin" finished-at="2025-05-20T23:09:52 ICT" duration-ms="1623" status="PASS">
          <reporter-output>
          </reporter-output>
        </test-method> <!-- testValidLogin -->
        <test-method is-config="true" signature="tearDown()[pri:0, instance:test.LoginTest@2f9f7dcf]" started-at="2025-05-20T23:09:52 ICT" name="tearDown" finished-at="2025-05-20T23:09:52 ICT" duration-ms="1" status="PASS">
          <reporter-output>
          </reporter-output>
        </test-method> <!-- tearDown -->
      </class> <!-- test.LoginTest -->
    </test> <!-- LoginTest -->
  </suite> <!-- Suite -->
</testng-results>
